2025-09-28 04:51:34,492 - INFO - Debug level: max
2025-09-28 04:51:34,492 - INFO - Logging initialized. Log file: downloads/logs/download_20250928_045134.log
2025-09-28 04:51:34,492 - DEBUG - Configuration: {
  "output_dir": "./downloads",
  "output_template": "%(uploader)s - %(title)s.%(ext)s",
  "format_selector": "best[ext=mp4]/best",
  "video_quality": "best",
  "audio_quality": "best",
  "prefer_free_formats": true,
  "extract_subtitles": true,
  "auto_subtitles": true,
  "embed_subtitles": false,
  "download_thumbnail": true,
  "embed_thumbnail": false,
  "retries": 3,
  "fragment_retries": 5,
  "concurrent_fragments": 4,
  "merge_output_format": "mp4",
  "keep_video": true,
  "verbose": true,
  "log_level": "DEBUG",
  "debug_level": "max"
}
2025-09-28 04:51:34,492 - INFO - Listing available formats for: https://video.ibm.com/recorded/134516112
2025-09-28 04:51:36,188 - INFO - Total available formats: 7
