2025-10-06 17:16:39,351 - INFO - Debug level: max
2025-10-06 17:16:39,351 - INFO - Logging initialized. Log file: downloads/logs/download_20251006_171639.log
2025-10-06 17:16:39,352 - DEBUG - Configuration: {
  "output_dir": "./downloads",
  "output_template": "%(uploader)s - %(title)s.%(ext)s",
  "format_selector": "best[ext=mp4]/best",
  "video_quality": "best",
  "audio_quality": "best",
  "prefer_free_formats": true,
  "extract_subtitles": true,
  "auto_subtitles": true,
  "embed_subtitles": false,
  "download_thumbnail": true,
  "embed_thumbnail": false,
  "retries": 3,
  "fragment_retries": 5,
  "concurrent_fragments": 4,
  "merge_output_format": "mp4",
  "keep_video": true,
  "verbose": true,
  "log_level": "DEBUG",
  "debug_level": "max"
}
2025-10-06 17:16:39,352 - INFO - Listing available formats for: https://video.ibm.com/recorded/134516112
2025-10-06 17:17:22,303 - ERROR - Failed to list formats: [0;31mERROR:[0m [ustream] 134516112: No video formats found!; please report this issue on  https://github.com/yt-dlp/yt-dlp/issues?q= , filling out the appropriate issue template. Confirm you are on the latest version using  yt-dlp -U
2025-10-06 17:17:22,303 - INFO - ℹ️  INFO: Starting comprehensive diagnostic tests
2025-10-06 17:17:22,303 - INFO - ℹ️  INFO: Test 1: Checking URL accessibility
2025-10-06 17:18:05,446 - INFO - ℹ️  INFO: ✅ URL is accessible
2025-10-06 17:18:05,446 - INFO - ℹ️  INFO: Test 2: Testing metadata extraction
2025-10-06 17:18:05,446 - INFO - ℹ️  INFO: ✅ Metadata extracted: Symposium Plenary One
2025-10-06 17:18:05,446 - INFO - ℹ️  INFO: Test 3: Analyzing available formats
2025-10-06 17:18:05,446 - INFO - ℹ️  INFO: ✅ Found 7 formats
2025-10-06 17:18:05,446 - INFO - ℹ️  INFO: 🎯 HLS detected: 7 HLS formats found
2025-10-06 17:18:05,446 - INFO - ℹ️  INFO:    - Video-only streams: 5
2025-10-06 17:18:05,446 - INFO - ℹ️  INFO:    - Audio-only streams: 2
2025-10-06 17:18:05,446 - INFO - ℹ️  INFO:    - Combined streams: 0
2025-10-06 17:18:05,447 - INFO - ℹ️  INFO: 🎯 Recommended video+audio combination: hls-2625+hls-audiogroup-English__US_-0
2025-10-06 17:18:05,447 - INFO - ℹ️  INFO:    - Video: hls-2625 (1080p)
2025-10-06 17:18:05,447 - INFO - ℹ️  INFO:    - Audio: hls-audiogroup-English__US_-0
2025-10-06 17:18:05,447 - DEBUG - 🔍 DEBUG: 📋 Detailed format analysis:
2025-10-06 17:18:05,447 - DEBUG - 🔍 DEBUG:   Format 1: {'id': 'hls-audiogroup-English__US_-0', 'ext': 'mp4', 'height': None, 'vcodec': 'none', 'acodec': 'unknown', 'filesize': None, 'is_hls': True}
2025-10-06 17:18:05,447 - DEBUG - 🔍 DEBUG:   Format 2: {'id': 'hls-audiogroup-English__US_-1', 'ext': 'mp4', 'height': None, 'vcodec': 'none', 'acodec': 'unknown', 'filesize': None, 'is_hls': True}
2025-10-06 17:18:05,447 - DEBUG - 🔍 DEBUG:   Format 3: {'id': 'hls-114', 'ext': 'mp4', 'height': 252, 'vcodec': 'avc1.77.21', 'acodec': 'none', 'filesize': None, 'is_hls': True}
2025-10-06 17:18:05,447 - DEBUG - 🔍 DEBUG:   Format 4: {'id': 'hls-186', 'ext': 'mp4', 'height': 360, 'vcodec': 'avc1.77.30', 'acodec': 'none', 'filesize': None, 'is_hls': True}
2025-10-06 17:18:05,447 - DEBUG - 🔍 DEBUG:   Format 5: {'id': 'hls-271', 'ext': 'mp4', 'height': 486, 'vcodec': 'avc1.77.31', 'acodec': 'none', 'filesize': None, 'is_hls': True}
2025-10-06 17:18:05,447 - DEBUG - 🔍 DEBUG:   Format 6: {'id': 'hls-406', 'ext': 'mp4', 'height': 720, 'vcodec': 'avc1.100.31', 'acodec': 'none', 'filesize': None, 'is_hls': True}
2025-10-06 17:18:05,447 - DEBUG - 🔍 DEBUG:   Format 7: {'id': 'hls-2625', 'ext': 'mp4', 'height': 1080, 'vcodec': 'avc1.100.40', 'acodec': 'none', 'filesize': None, 'is_hls': True}
2025-10-06 17:18:05,447 - INFO - ℹ️  INFO: Test 4: Testing format selectors
2025-10-06 17:18:30,975 - INFO - ℹ️  INFO: ✅ Format selector 'hls-2625+hls-audiogroup-English__US_-0' works
2025-10-06 17:18:52,879 - WARNING - ⚠️  WARNING: ❌ Format selector 'best' failed: [0;31mERROR:[0m [ustream] 134516112: Requested format is not available. Use --list-formats for a list of available formats
2025-10-06 17:19:17,660 - WARNING - ⚠️  WARNING: ❌ Format selector 'worst' failed: [0;31mERROR:[0m [ustream] 134516112: Requested format is not available. Use --list-formats for a list of available formats
