2025-09-28 04:59:13,396 - INFO - Debug level: max
2025-09-28 04:59:13,396 - INFO - Logging initialized. Log file: downloads/logs/download_20250928_045913.log
2025-09-28 04:59:13,396 - DEBUG - Configuration: {
  "output_dir": "./downloads",
  "output_template": "%(uploader)s - %(title)s.%(ext)s",
  "format_selector": "best[ext=mp4]/best",
  "video_quality": "best",
  "audio_quality": "best",
  "prefer_free_formats": true,
  "extract_subtitles": true,
  "auto_subtitles": true,
  "embed_subtitles": false,
  "download_thumbnail": true,
  "embed_thumbnail": false,
  "retries": 3,
  "fragment_retries": 5,
  "concurrent_fragments": 4,
  "merge_output_format": "mp4",
  "keep_video": true,
  "verbose": true,
  "log_level": "DEBUG",
  "debug_level": "max"
}
2025-09-28 04:59:13,397 - INFO - Extracting video information for: https://video.ibm.com/recorded/134516112
2025-09-28 04:59:15,288 - ERROR - Failed to extract video info: [0;31mERROR:[0m [ustream] 134516112: No video formats found!; please report this issue on  https://github.com/yt-dlp/yt-dlp/issues?q= , filling out the appropriate issue template. Confirm you are on the latest version using  yt-dlp -U
2025-09-28 04:59:15,288 - INFO - ℹ️  INFO: Starting comprehensive diagnostic tests
2025-09-28 04:59:15,288 - INFO - ℹ️  INFO: Test 1: Checking URL accessibility
2025-09-28 04:59:17,047 - INFO - ℹ️  INFO: ✅ URL is accessible
2025-09-28 04:59:17,047 - INFO - ℹ️  INFO: Test 2: Testing metadata extraction
2025-09-28 04:59:17,047 - INFO - ℹ️  INFO: ✅ Metadata extracted: Symposium Plenary One
2025-09-28 04:59:17,047 - INFO - ℹ️  INFO: Test 3: Analyzing available formats
2025-09-28 04:59:17,047 - INFO - ℹ️  INFO: ✅ Found 7 formats
2025-09-28 04:59:17,047 - INFO - ℹ️  INFO: 🎯 HLS detected: 7 HLS formats found
2025-09-28 04:59:17,047 - INFO - ℹ️  INFO:    - Video-only streams: 5
2025-09-28 04:59:17,048 - INFO - ℹ️  INFO:    - Audio-only streams: 2
2025-09-28 04:59:17,048 - INFO - ℹ️  INFO:    - Combined streams: 0
2025-09-28 04:59:17,048 - INFO - ℹ️  INFO: 🎯 Recommended video+audio combination: hls-2625+hls-audiogroup-English__US_-0
2025-09-28 04:59:17,048 - INFO - ℹ️  INFO:    - Video: hls-2625 (1080p)
2025-09-28 04:59:17,048 - INFO - ℹ️  INFO:    - Audio: hls-audiogroup-English__US_-0
2025-09-28 04:59:17,048 - DEBUG - 🔍 DEBUG: 📋 Detailed format analysis:
2025-09-28 04:59:17,048 - DEBUG - 🔍 DEBUG:   Format 1: {'id': 'hls-audiogroup-English__US_-0', 'ext': 'mp4', 'height': None, 'vcodec': 'none', 'acodec': 'unknown', 'filesize': None, 'is_hls': True}
2025-09-28 04:59:17,048 - DEBUG - 🔍 DEBUG:   Format 2: {'id': 'hls-audiogroup-English__US_-1', 'ext': 'mp4', 'height': None, 'vcodec': 'none', 'acodec': 'unknown', 'filesize': None, 'is_hls': True}
2025-09-28 04:59:17,048 - DEBUG - 🔍 DEBUG:   Format 3: {'id': 'hls-114', 'ext': 'mp4', 'height': 252, 'vcodec': 'avc1.77.21', 'acodec': 'none', 'filesize': None, 'is_hls': True}
2025-09-28 04:59:17,048 - DEBUG - 🔍 DEBUG:   Format 4: {'id': 'hls-186', 'ext': 'mp4', 'height': 360, 'vcodec': 'avc1.77.30', 'acodec': 'none', 'filesize': None, 'is_hls': True}
2025-09-28 04:59:17,048 - DEBUG - 🔍 DEBUG:   Format 5: {'id': 'hls-271', 'ext': 'mp4', 'height': 486, 'vcodec': 'avc1.77.31', 'acodec': 'none', 'filesize': None, 'is_hls': True}
2025-09-28 04:59:17,048 - DEBUG - 🔍 DEBUG:   Format 6: {'id': 'hls-406', 'ext': 'mp4', 'height': 720, 'vcodec': 'avc1.100.31', 'acodec': 'none', 'filesize': None, 'is_hls': True}
2025-09-28 04:59:17,048 - DEBUG - 🔍 DEBUG:   Format 7: {'id': 'hls-2625', 'ext': 'mp4', 'height': 1080, 'vcodec': 'avc1.100.40', 'acodec': 'none', 'filesize': None, 'is_hls': True}
2025-09-28 04:59:17,048 - INFO - ℹ️  INFO: Test 4: Testing format selectors
2025-09-28 04:59:18,271 - INFO - ℹ️  INFO: ✅ Format selector 'hls-2625+hls-audiogroup-English__US_-0' works
2025-09-28 04:59:19,269 - WARNING - ⚠️  WARNING: ❌ Format selector 'best' failed: [0;31mERROR:[0m [ustream] 134516112: Requested format is not available. Use --list-formats for a list of available formats
2025-09-28 04:59:20,349 - WARNING - ⚠️  WARNING: ❌ Format selector 'worst' failed: [0;31mERROR:[0m [ustream] 134516112: Requested format is not available. Use --list-formats for a list of available formats
2025-09-28 04:59:20,350 - INFO - ℹ️  INFO: Starting download process for: https://video.ibm.com/recorded/134516112
2025-09-28 04:59:20,350 - INFO - ℹ️  INFO: Running pre-download diagnostics
2025-09-28 04:59:20,350 - INFO - ℹ️  INFO: Starting comprehensive diagnostic tests
2025-09-28 04:59:20,350 - INFO - ℹ️  INFO: Test 1: Checking URL accessibility
2025-09-28 04:59:21,323 - INFO - ℹ️  INFO: ✅ URL is accessible
2025-09-28 04:59:21,326 - INFO - ℹ️  INFO: Test 2: Testing metadata extraction
2025-09-28 04:59:21,326 - INFO - ℹ️  INFO: ✅ Metadata extracted: Symposium Plenary One
2025-09-28 04:59:21,326 - INFO - ℹ️  INFO: Test 3: Analyzing available formats
2025-09-28 04:59:21,326 - INFO - ℹ️  INFO: ✅ Found 7 formats
2025-09-28 04:59:21,326 - INFO - ℹ️  INFO: 🎯 HLS detected: 7 HLS formats found
2025-09-28 04:59:21,326 - INFO - ℹ️  INFO:    - Video-only streams: 5
2025-09-28 04:59:21,326 - INFO - ℹ️  INFO:    - Audio-only streams: 2
2025-09-28 04:59:21,326 - INFO - ℹ️  INFO:    - Combined streams: 0
2025-09-28 04:59:21,326 - INFO - ℹ️  INFO: 🎯 Recommended video+audio combination: hls-2625+hls-audiogroup-English__US_-0
2025-09-28 04:59:21,326 - INFO - ℹ️  INFO:    - Video: hls-2625 (1080p)
2025-09-28 04:59:21,326 - INFO - ℹ️  INFO:    - Audio: hls-audiogroup-English__US_-0
2025-09-28 04:59:21,326 - DEBUG - 🔍 DEBUG: 📋 Detailed format analysis:
2025-09-28 04:59:21,326 - DEBUG - 🔍 DEBUG:   Format 1: {'id': 'hls-audiogroup-English__US_-0', 'ext': 'mp4', 'height': None, 'vcodec': 'none', 'acodec': 'unknown', 'filesize': None, 'is_hls': True}
2025-09-28 04:59:21,326 - DEBUG - 🔍 DEBUG:   Format 2: {'id': 'hls-audiogroup-English__US_-1', 'ext': 'mp4', 'height': None, 'vcodec': 'none', 'acodec': 'unknown', 'filesize': None, 'is_hls': True}
2025-09-28 04:59:21,327 - DEBUG - 🔍 DEBUG:   Format 3: {'id': 'hls-114', 'ext': 'mp4', 'height': 252, 'vcodec': 'avc1.77.21', 'acodec': 'none', 'filesize': None, 'is_hls': True}
2025-09-28 04:59:21,327 - DEBUG - 🔍 DEBUG:   Format 4: {'id': 'hls-186', 'ext': 'mp4', 'height': 360, 'vcodec': 'avc1.77.30', 'acodec': 'none', 'filesize': None, 'is_hls': True}
2025-09-28 04:59:21,327 - DEBUG - 🔍 DEBUG:   Format 5: {'id': 'hls-271', 'ext': 'mp4', 'height': 486, 'vcodec': 'avc1.77.31', 'acodec': 'none', 'filesize': None, 'is_hls': True}
2025-09-28 04:59:21,327 - DEBUG - 🔍 DEBUG:   Format 6: {'id': 'hls-406', 'ext': 'mp4', 'height': 720, 'vcodec': 'avc1.100.31', 'acodec': 'none', 'filesize': None, 'is_hls': True}
2025-09-28 04:59:21,327 - DEBUG - 🔍 DEBUG:   Format 7: {'id': 'hls-2625', 'ext': 'mp4', 'height': 1080, 'vcodec': 'avc1.100.40', 'acodec': 'none', 'filesize': None, 'is_hls': True}
2025-09-28 04:59:21,327 - INFO - ℹ️  INFO: Test 4: Testing format selectors
2025-09-28 04:59:22,228 - INFO - ℹ️  INFO: ✅ Format selector 'hls-2625+hls-audiogroup-English__US_-0' works
2025-09-28 04:59:23,153 - WARNING - ⚠️  WARNING: ❌ Format selector 'best' failed: [0;31mERROR:[0m [ustream] 134516112: Requested format is not available. Use --list-formats for a list of available formats
2025-09-28 04:59:23,999 - WARNING - ⚠️  WARNING: ❌ Format selector 'worst' failed: [0;31mERROR:[0m [ustream] 134516112: Requested format is not available. Use --list-formats for a list of available formats
2025-09-28 04:59:24,000 - INFO - ℹ️  INFO: Using diagnostics-recommended format: hls-2625+hls-audiogroup-English__US_-0
2025-09-28 04:59:24,000 - DEBUG - 🔍 DEBUG: Format options to try: ['hls-2625+hls-audiogroup-English__US_-0', 'hls-2625+hls-audiogroup-English__US_-1', 'hls-406+hls-audiogroup-English__US_-0', 'hls-406+hls-audiogroup-English__US_-1', 'hls-271+hls-audiogroup-English__US_-0']...
2025-09-28 04:59:24,000 - INFO - ℹ️  INFO: Adding FFmpeg post-processor for HLS compatibility
2025-09-28 04:59:24,000 - INFO - ℹ️  INFO: Attempt 1/12: Trying format 'hls-2625+hls-audiogroup-English__US_-0'
2025-09-28 04:59:24,043 - ERROR - ❌ ERROR: ❌ Unexpected error with format 'hls-2625+hls-audiogroup-English__US_-0': 'FFmpegVideoRemuxPP'
2025-09-28 04:59:24,044 - INFO - ℹ️  INFO: Attempt 2/12: Trying format 'hls-2625+hls-audiogroup-English__US_-1'
2025-09-28 04:59:24,067 - ERROR - ❌ ERROR: ❌ Unexpected error with format 'hls-2625+hls-audiogroup-English__US_-1': 'FFmpegVideoRemuxPP'
2025-09-28 04:59:24,067 - INFO - ℹ️  INFO: Attempt 3/12: Trying format 'hls-406+hls-audiogroup-English__US_-0'
2025-09-28 04:59:24,085 - ERROR - ❌ ERROR: ❌ Unexpected error with format 'hls-406+hls-audiogroup-English__US_-0': 'FFmpegVideoRemuxPP'
2025-09-28 04:59:24,085 - INFO - ℹ️  INFO: Attempt 4/12: Trying format 'hls-406+hls-audiogroup-English__US_-1'
2025-09-28 04:59:24,119 - ERROR - ❌ ERROR: ❌ Unexpected error with format 'hls-406+hls-audiogroup-English__US_-1': 'FFmpegVideoRemuxPP'
2025-09-28 04:59:24,119 - INFO - ℹ️  INFO: Attempt 5/12: Trying format 'hls-271+hls-audiogroup-English__US_-0'
2025-09-28 04:59:24,138 - ERROR - ❌ ERROR: ❌ Unexpected error with format 'hls-271+hls-audiogroup-English__US_-0': 'FFmpegVideoRemuxPP'
2025-09-28 04:59:24,138 - INFO - ℹ️  INFO: Attempt 6/12: Trying format 'hls-271+hls-audiogroup-English__US_-1'
2025-09-28 04:59:24,156 - ERROR - ❌ ERROR: ❌ Unexpected error with format 'hls-271+hls-audiogroup-English__US_-1': 'FFmpegVideoRemuxPP'
2025-09-28 04:59:24,156 - INFO - ℹ️  INFO: Attempt 7/12: Trying format 'hls-2625'
2025-09-28 04:59:24,174 - ERROR - ❌ ERROR: ❌ Unexpected error with format 'hls-2625': 'FFmpegVideoRemuxPP'
2025-09-28 04:59:24,174 - INFO - ℹ️  INFO: Attempt 8/12: Trying format 'hls-406'
2025-09-28 04:59:24,192 - ERROR - ❌ ERROR: ❌ Unexpected error with format 'hls-406': 'FFmpegVideoRemuxPP'
2025-09-28 04:59:24,192 - INFO - ℹ️  INFO: Attempt 9/12: Trying format 'best+bestaudio/best'
2025-09-28 04:59:24,210 - ERROR - ❌ ERROR: ❌ Unexpected error with format 'best+bestaudio/best': 'FFmpegVideoRemuxPP'
2025-09-28 04:59:24,210 - INFO - ℹ️  INFO: Attempt 10/12: Trying format 'best[ext=mp4]+bestaudio[ext=mp4]/best'
2025-09-28 04:59:24,229 - ERROR - ❌ ERROR: ❌ Unexpected error with format 'best[ext=mp4]+bestaudio[ext=mp4]/best': 'FFmpegVideoRemuxPP'
2025-09-28 04:59:24,229 - INFO - ℹ️  INFO: Attempt 11/12: Trying format 'best'
2025-09-28 04:59:24,247 - ERROR - ❌ ERROR: ❌ Unexpected error with format 'best': 'FFmpegVideoRemuxPP'
2025-09-28 04:59:24,247 - INFO - ℹ️  INFO: Attempt 12/12: Trying format 'worst'
2025-09-28 04:59:24,265 - ERROR - ❌ ERROR: ❌ Unexpected error with format 'worst': 'FFmpegVideoRemuxPP'
2025-09-28 04:59:24,265 - WARNING - ⚠️  WARNING: All format options failed, trying final fallback
2025-09-28 07:24:27,482 - ERROR - ❌ ERROR: ❌ Final fallback also failed: [0;31mERROR:[0m unable to download video data: HTTP Error 403: Forbidden
2025-09-28 07:24:27,483 - ERROR - ❌ ERROR: 📊 Download failure summary:
2025-09-28 07:24:27,483 - ERROR - ❌ ERROR:   - URL accessible: True
2025-09-28 07:24:27,483 - ERROR - ❌ ERROR:   - Formats found: 7
2025-09-28 07:24:27,483 - ERROR - ❌ ERROR:   - HLS detected: True
2025-09-28 07:24:27,483 - ERROR - ❌ ERROR:   - Formats tried: 12
2025-09-28 07:24:27,484 - INFO - ℹ️  INFO: Session report saved: downloads/logs/session_report.json
