2025-09-28 04:50:55,415 - INFO - Debug level: max
2025-09-28 04:50:55,415 - INFO - Logging initialized. Log file: downloads/logs/download_20250928_045055.log
2025-09-28 04:50:55,416 - DEBUG - Configuration: {
  "output_dir": "./downloads",
  "output_template": "%(uploader)s - %(title)s.%(ext)s",
  "format_selector": "best[ext=mp4]/best",
  "video_quality": "best",
  "audio_quality": "best",
  "prefer_free_formats": true,
  "extract_subtitles": true,
  "auto_subtitles": true,
  "embed_subtitles": false,
  "download_thumbnail": true,
  "embed_thumbnail": false,
  "retries": 3,
  "fragment_retries": 5,
  "concurrent_fragments": 4,
  "merge_output_format": "mp4",
  "keep_video": true,
  "verbose": true,
  "log_level": "DEBUG",
  "debug_level": "max"
}
2025-09-28 04:50:55,416 - INFO - ℹ️  INFO: Starting comprehensive diagnostic tests
2025-09-28 04:50:55,416 - INFO - ℹ️  INFO: Test 1: Checking URL accessibility
2025-09-28 04:50:57,816 - ERROR - ❌ ERROR: ❌ URL not accessible: [0;31mERROR:[0m [ustream] 134516112: No video formats found!; please report this issue on  https://github.com/yt-dlp/yt-dlp/issues?q= , filling out the appropriate issue template. Confirm you are on the latest version using  yt-dlp -U
