2025-10-06 17:25:23,686 - INFO - Debug level: max
2025-10-06 17:25:23,686 - INFO - Logging initialized. Log file: downloads/logs/download_20251006_172523.log
2025-10-06 17:25:23,686 - DEBUG - Configuration: {
  "output_dir": "./downloads",
  "output_template": "%(uploader)s - %(title)s.%(ext)s",
  "format_selector": "best[ext=mp4]/best",
  "video_quality": "best",
  "audio_quality": "best",
  "prefer_free_formats": true,
  "extract_subtitles": true,
  "auto_subtitles": true,
  "embed_subtitles": false,
  "download_thumbnail": true,
  "embed_thumbnail": false,
  "retries": 3,
  "fragment_retries": 5,
  "concurrent_fragments": 4,
  "merge_output_format": "mp4",
  "keep_video": true,
  "verbose": true,
  "log_level": "DEBUG",
  "debug_level": "max"
}
2025-10-06 17:25:23,686 - INFO - Extracting video information for: https://video.ibm.com/recorded/134516112
2025-10-06 17:25:32,391 - INFO - Title: Symposium Plenary One
2025-10-06 17:25:32,391 - INFO - Duration: 5131.36 seconds
2025-10-06 17:25:32,391 - INFO - Uploader: ConcordiaMHD
2025-10-06 17:25:32,391 - INFO - View count: 32
2025-10-06 17:25:32,392 - INFO - ℹ️ INFO: ======================================================================
2025-10-06 17:25:32,392 - INFO - ℹ️ INFO: STARTING DOWNLOAD PROCESS
2025-10-06 17:25:32,392 - INFO - ℹ️ INFO: ======================================================================
2025-10-06 17:25:32,392 - INFO - ⏳ PROGRESS: Running pre-download diagnostics...
2025-10-06 17:25:32,392 - INFO - ℹ️ INFO: ======================================================================
2025-10-06 17:25:32,392 - INFO - ℹ️ INFO: STARTING COMPREHENSIVE DIAGNOSTIC TESTS
2025-10-06 17:25:32,392 - INFO - ℹ️ INFO: ======================================================================
2025-10-06 17:25:32,392 - INFO - ℹ️ INFO: 
2025-10-06 17:25:32,392 - INFO - ℹ️ INFO: TEST 1: Checking URL accessibility
2025-10-06 17:25:32,392 - INFO - ℹ️ INFO: ----------------------------------------------------------------------
2025-10-06 17:26:01,279 - INFO - ✅ SUCCESS: URL is accessible and can be parsed
2025-10-06 17:26:01,281 - INFO - ℹ️ INFO: 
2025-10-06 17:26:01,281 - INFO - ℹ️ INFO: TEST 2: Testing metadata extraction
2025-10-06 17:26:01,281 - INFO - ℹ️ INFO: ----------------------------------------------------------------------
2025-10-06 17:26:01,281 - INFO - ✅ SUCCESS: Video title: 'Symposium Plenary One'
2025-10-06 17:26:01,282 - INFO - ℹ️ INFO: Duration: 5131.36 seconds
2025-10-06 17:26:01,282 - INFO - ℹ️ INFO: Uploader: ConcordiaMHD
2025-10-06 17:26:01,282 - INFO - ℹ️ INFO: 
2025-10-06 17:26:01,282 - INFO - ℹ️ INFO: TEST 3: Analyzing available formats
2025-10-06 17:26:01,282 - INFO - ℹ️ INFO: ----------------------------------------------------------------------
2025-10-06 17:26:01,282 - INFO - ✅ SUCCESS: Found 7 total formats
2025-10-06 17:26:01,282 - INFO - ℹ️ INFO: HLS streaming detected: 7 HLS formats
2025-10-06 17:26:01,282 - DEBUG - 🔍 DEBUG:   - Video-only streams: 5
2025-10-06 17:26:01,282 - DEBUG - 🔍 DEBUG:   - Audio-only streams: 2
2025-10-06 17:26:01,282 - DEBUG - 🔍 DEBUG:   - Combined (video+audio) streams: 0
2025-10-06 17:26:01,282 - WARNING - ⚠️ WARNING: CRITICAL: HLS streams are SEPARATED (video-only + audio-only)
2025-10-06 17:26:01,282 - WARNING - ⚠️ WARNING: This means generic selectors like 'best' will NOT work
2025-10-06 17:26:01,282 - INFO - ✅ SUCCESS: Recommended format combination: hls-2625+hls-audiogroup-English__US_-0
2025-10-06 17:26:01,282 - INFO - ℹ️ INFO:   - Video: hls-2625 (1080p, avc1.100.40)
2025-10-06 17:26:01,282 - INFO - ℹ️ INFO:   - Audio: hls-audiogroup-English__US_-0 (unknown)
2025-10-06 17:26:01,282 - DEBUG - 🔍 DEBUG: 
2025-10-06 17:26:01,282 - DEBUG - 🔍 DEBUG: Detailed format list:
2025-10-06 17:26:01,282 - DEBUG - 🔍 DEBUG:   [1] hls-audiogroup-English__US_-0: mp4, vcodec=none, acodec=unknown, HLS=True
2025-10-06 17:26:01,282 - DEBUG - 🔍 DEBUG:   [2] hls-audiogroup-English__US_-1: mp4, vcodec=none, acodec=unknown, HLS=True
2025-10-06 17:26:01,282 - DEBUG - 🔍 DEBUG:   [3] hls-114: mp4, 252p, vcodec=avc1.77.21, acodec=none, HLS=True
2025-10-06 17:26:01,282 - DEBUG - 🔍 DEBUG:   [4] hls-186: mp4, 360p, vcodec=avc1.77.30, acodec=none, HLS=True
2025-10-06 17:26:01,282 - DEBUG - 🔍 DEBUG:   [5] hls-271: mp4, 486p, vcodec=avc1.77.31, acodec=none, HLS=True
2025-10-06 17:26:01,282 - DEBUG - 🔍 DEBUG:   [6] hls-406: mp4, 720p, vcodec=avc1.100.31, acodec=none, HLS=True
2025-10-06 17:26:01,282 - DEBUG - 🔍 DEBUG:   [7] hls-2625: mp4, 1080p, vcodec=avc1.100.40, acodec=none, HLS=True
2025-10-06 17:26:01,282 - INFO - ℹ️ INFO: 
2025-10-06 17:26:01,282 - INFO - ℹ️ INFO: TEST 4: Testing format selectors
2025-10-06 17:26:01,282 - INFO - ℹ️ INFO: ----------------------------------------------------------------------
2025-10-06 17:26:01,282 - INFO - ⏳ PROGRESS: Testing recommended format: 'hls-2625+hls-audiogroup-English__US_-0'
2025-10-06 17:26:12,930 - INFO - ✅ SUCCESS: Recommended format 'hls-2625+hls-audiogroup-English__US_-0' works!
2025-10-06 17:26:12,931 - INFO - ⏳ PROGRESS: Testing generic 'best' selector (expected to FAIL for separated HLS)
2025-10-06 17:26:27,162 - INFO - ℹ️ INFO: Generic 'best' failed as expected: [0;31mERROR:[0m [ustream] 134516112: Requested format is not available. Use --list-formats for a l...
2025-10-06 17:26:27,163 - WARNING - ⚠️ WARNING: This confirms we MUST use explicit format combination
2025-10-06 17:26:27,164 - INFO - ℹ️ INFO: 
2025-10-06 17:26:27,164 - INFO - ℹ️ INFO: ======================================================================
2025-10-06 17:26:27,164 - INFO - ℹ️ INFO: DIAGNOSTIC SUMMARY
2025-10-06 17:26:27,164 - INFO - ℹ️ INFO: ======================================================================
2025-10-06 17:26:27,164 - INFO - ℹ️ INFO: URL Accessible: True
2025-10-06 17:26:27,164 - INFO - ℹ️ INFO: Metadata Extraction: True
2025-10-06 17:26:27,164 - INFO - ℹ️ INFO: Format Detection: True
2025-10-06 17:26:27,164 - INFO - ℹ️ INFO: Total Formats: 7
2025-10-06 17:26:27,164 - INFO - ℹ️ INFO: HLS Detected: True
2025-10-06 17:26:27,164 - INFO - ℹ️ INFO: HLS Separated Streams: True
2025-10-06 17:26:27,164 - INFO - ℹ️ INFO: Generic Selectors Safe: False
2025-10-06 17:26:27,164 - INFO - ✅ SUCCESS: Verified Working Format: hls-2625+hls-audiogroup-English__US_-0
2025-10-06 17:26:27,165 - INFO - ℹ️ INFO: ======================================================================
2025-10-06 17:26:27,165 - INFO - ℹ️ INFO: 
2025-10-06 17:26:27,165 - INFO - ℹ️ INFO: DETERMINING DOWNLOAD STRATEGY
2025-10-06 17:26:27,165 - INFO - ℹ️ INFO: ----------------------------------------------------------------------
2025-10-06 17:26:27,165 - INFO - ✅ SUCCESS: Priority #1: Tested working format: hls-2625+hls-audiogroup-English__US_-0
2025-10-06 17:26:27,165 - WARNING - ⚠️ WARNING: Detected HLS with separated streams (IBM/Ustream pattern)
2025-10-06 17:26:27,165 - INFO - ℹ️ INFO: Building format options for video+audio combination
2025-10-06 17:26:27,165 - DEBUG - 🔍 DEBUG: Format option: hls-406+hls-audiogroup-English__US_-0 (720p)
2025-10-06 17:26:27,165 - DEBUG - 🔍 DEBUG: Format option: hls-271+hls-audiogroup-English__US_-0 (486p)
2025-10-06 17:26:27,165 - WARNING - ⚠️ WARNING: Skipping generic selectors (they won't work for separated HLS)
2025-10-06 17:26:27,166 - INFO - ℹ️ INFO: Total format options to try: 3
2025-10-06 17:26:27,166 - DEBUG - 🔍 DEBUG:   Option 1: hls-2625+hls-audiogroup-English__US_-0
2025-10-06 17:26:27,166 - DEBUG - 🔍 DEBUG:   Option 2: hls-406+hls-audiogroup-English__US_-0
2025-10-06 17:26:27,166 - DEBUG - 🔍 DEBUG:   Option 3: hls-271+hls-audiogroup-English__US_-0
2025-10-06 17:26:27,166 - INFO - ℹ️ INFO: Adding FFmpeg post-processor for HLS compatibility
2025-10-06 17:26:27,166 - INFO - ℹ️ INFO: 
2025-10-06 17:26:27,166 - INFO - ℹ️ INFO: ATTEMPTING DOWNLOAD
2025-10-06 17:26:27,166 - INFO - ℹ️ INFO: ----------------------------------------------------------------------
2025-10-06 17:26:27,166 - INFO - ⏳ PROGRESS: 
2025-10-06 17:26:27,166 - INFO - ⏳ PROGRESS: Attempt 1/3: Format 'hls-2625+hls-audiogroup-English__US_-0'
2025-10-06 17:26:27,206 - ERROR - ❌ ERROR: Unexpected error with format 'hls-2625+hls-audiogroup-English__US_-0': 'FFmpegVideoRemuxPP'
2025-10-06 17:26:27,206 - INFO - ⏳ PROGRESS: 
2025-10-06 17:26:27,206 - INFO - ⏳ PROGRESS: Attempt 2/3: Format 'hls-406+hls-audiogroup-English__US_-0'
2025-10-06 17:26:27,229 - ERROR - ❌ ERROR: Unexpected error with format 'hls-406+hls-audiogroup-English__US_-0': 'FFmpegVideoRemuxPP'
2025-10-06 17:26:27,229 - INFO - ⏳ PROGRESS: 
2025-10-06 17:26:27,229 - INFO - ⏳ PROGRESS: Attempt 3/3: Format 'hls-271+hls-audiogroup-English__US_-0'
2025-10-06 17:26:27,246 - ERROR - ❌ ERROR: Unexpected error with format 'hls-271+hls-audiogroup-English__US_-0': 'FFmpegVideoRemuxPP'
2025-10-06 17:26:27,246 - ERROR - ❌ ERROR: 
2025-10-06 17:26:27,246 - ERROR - ❌ ERROR: ALL FORMAT OPTIONS FAILED
2025-10-06 17:26:27,246 - ERROR - ❌ ERROR: ======================================================================
2025-10-06 17:26:27,246 - ERROR - ❌ ERROR: FAILURE ANALYSIS:
2025-10-06 17:26:27,246 - INFO - ℹ️ INFO:   - URL accessible: True
2025-10-06 17:26:27,246 - INFO - ℹ️ INFO:   - Formats found: 7
2025-10-06 17:26:27,246 - INFO - ℹ️ INFO:   - HLS detected: True
2025-10-06 17:26:27,246 - INFO - ℹ️ INFO:   - HLS separated streams: True
2025-10-06 17:26:27,246 - INFO - ℹ️ INFO:   - Format attempts: 3
2025-10-06 17:26:27,248 - INFO - ℹ️ INFO: Session report saved: downloads/logs/session_report.json
